2015-11-10 15:26:56 10fc InnoDB: Warning: Using innodb_additional_mem_pool_size is DEPRECATED. This option may be removed in future releases, together with the option innodb_use_sys_malloc and with the InnoDB's internal memory allocator.
2015-11-10 15:26:56 4348 [Note] InnoDB: Using mutexes to ref count buffer pool pages
2015-11-10 15:26:56 4348 [Note] InnoDB: The InnoDB memory heap is disabled
2015-11-10 15:26:56 4348 [Note] InnoDB: Mutexes and rw_locks use Windows interlocked functions
2015-11-10 15:26:56 4348 [Note] InnoDB: Memory barrier is not used
2015-11-10 15:26:56 4348 [Note] InnoDB: Compressed tables use zlib 1.2.3
2015-11-10 15:26:56 4348 [Note] InnoDB: Not using CPU crc32 instructions
2015-11-10 15:26:56 4348 [Note] InnoDB: Initializing buffer pool, size = 16.0M
2015-11-10 15:26:56 4348 [Note] InnoDB: Completed initialization of buffer pool
2015-11-10 15:26:56 4348 [Note] InnoDB: Highest supported file format is Barracuda.
2015-11-10 15:26:57 4348 [Note] InnoDB: 128 rollback segment(s) are active.
2015-11-10 15:26:57 4348 [Note] InnoDB: Waiting for purge to start
2015-11-10 15:26:57 4348 [Note] InnoDB:  Percona XtraDB (http://www.percona.com) 5.6.26-74.0 started; log sequence number 1835027
2015-11-10 15:26:57 6140 [Note] InnoDB: Dumping buffer pool(s) not yet started
2015-11-10 15:26:57 4348 [Note] Plugin 'FEEDBACK' is disabled.
2015-11-10 15:26:57 4348 [Note] Server socket created on IP: '::'.
2015-11-10 15:26:57 4348 [Note] Event Scheduler: Loaded 0 events
2015-11-10 15:26:57 4348 [Note] C:\xampp\mysql\bin\mysqld.exe: ready for connections.
Version: '10.1.8-MariaDB'  socket: ''  port: 3306  mariadb.org binary distribution
2015-11-10 15:27:11 5152 [Note] C:\xampp\mysql\bin\mysqld.exe: Normal shutdown

2015-11-10 15:27:11 5152 [Note] Event Scheduler: Purging the queue. 0 events
2015-11-10 15:27:11 5732 [Note] InnoDB: FTS optimize thread exiting.
2015-11-10 15:27:11 5152 [Note] InnoDB: Starting shutdown...
2015-11-10 15:27:13 5152 [Note] InnoDB: Shutdown completed; log sequence number 1835037
2015-11-10 15:27:13 5152 [Note] C:\xampp\mysql\bin\mysqld.exe: Shutdown complete

2018-08-11 11:23:17 2c74 InnoDB: Warning: Using innodb_additional_mem_pool_size is DEPRECATED. This option may be removed in future releases, together with the option innodb_use_sys_malloc and with the InnoDB's internal memory allocator.
2018-08-11 11:23:17 11380 [Note] InnoDB: innodb_empty_free_list_algorithm has been changed to legacy because of small buffer pool size. In order to use backoff, increase buffer pool at least up to 20MB.

2018-08-11 11:23:17 11380 [Note] InnoDB: Using mutexes to ref count buffer pool pages
2018-08-11 11:23:17 11380 [Note] InnoDB: The InnoDB memory heap is disabled
2018-08-11 11:23:17 11380 [Note] InnoDB: Mutexes and rw_locks use Windows interlocked functions
2018-08-11 11:23:17 11380 [Note] InnoDB: _mm_lfence() and _mm_sfence() are used for memory barrier
2018-08-11 11:23:17 11380 [Note] InnoDB: Compressed tables use zlib 1.2.3
2018-08-11 11:23:17 11380 [Note] InnoDB: Using generic crc32 instructions
2018-08-11 11:23:17 11380 [Note] InnoDB: Initializing buffer pool, size = 16.0M
2018-08-11 11:23:17 11380 [Note] InnoDB: Completed initialization of buffer pool
2018-08-11 11:23:17 11380 [Note] InnoDB: Highest supported file format is Barracuda.
2018-08-11 11:23:17 11380 [Note] InnoDB: 128 rollback segment(s) are active.
2018-08-11 11:23:17 11380 [Note] InnoDB: Waiting for purge to start
2018-08-11 11:23:17 11380 [Note] InnoDB:  Percona XtraDB (http://www.percona.com) 5.6.39-83.1 started; log sequence number 1835037
2018-08-11 11:23:17 11380 [Note] Plugin 'FEEDBACK' is disabled.
2018-08-11 11:23:17 11844 [Note] InnoDB: Dumping buffer pool(s) not yet started
2018-08-11 11:23:17 11380 [Note] Server socket created on IP: '::'.
2018-08-11 11:23:17 11380 [ERROR] Can't start server: Bind on TCP/IP port. Got error: 10048: Normalmente é permitida apenas uma utilização de cada endereço de soquete (protocolo/endereço de rede/porta).

2018-08-11 11:23:17 11380 [ERROR] Do you already have another mysqld server running on port: 3306 ?
2018-08-11 11:23:17 11380 [ERROR] Aborting

2018-08-11 11:23:32 1b18 InnoDB: Warning: Using innodb_additional_mem_pool_size is DEPRECATED. This option may be removed in future releases, together with the option innodb_use_sys_malloc and with the InnoDB's internal memory allocator.
2018-08-11 11:23:32 6936 [Note] InnoDB: innodb_empty_free_list_algorithm has been changed to legacy because of small buffer pool size. In order to use backoff, increase buffer pool at least up to 20MB.

2018-08-11 11:23:32 6936 [Note] InnoDB: Using mutexes to ref count buffer pool pages
2018-08-11 11:23:32 6936 [Note] InnoDB: The InnoDB memory heap is disabled
2018-08-11 11:23:32 6936 [Note] InnoDB: Mutexes and rw_locks use Windows interlocked functions
2018-08-11 11:23:32 6936 [Note] InnoDB: _mm_lfence() and _mm_sfence() are used for memory barrier
2018-08-11 11:23:32 6936 [Note] InnoDB: Compressed tables use zlib 1.2.3
2018-08-11 11:23:32 6936 [Note] InnoDB: Using generic crc32 instructions
2018-08-11 11:23:32 6936 [Note] InnoDB: Initializing buffer pool, size = 16.0M
2018-08-11 11:23:32 6936 [Note] InnoDB: Completed initialization of buffer pool
2018-08-11 11:23:33 6936 [Note] InnoDB: Highest supported file format is Barracuda.
2018-08-11 11:23:33 6936 [Note] InnoDB: 128 rollback segment(s) are active.
2018-08-11 11:23:33 6936 [Note] InnoDB: Waiting for purge to start
2018-08-11 11:23:33 6936 [Note] InnoDB:  Percona XtraDB (http://www.percona.com) 5.6.39-83.1 started; log sequence number 1835047
2018-08-11 11:23:33 6936 [Note] Plugin 'FEEDBACK' is disabled.
2018-08-11 11:23:33 6936 [Note] Server socket created on IP: '::'.
2018-08-11 11:23:33 6936 [ERROR] Can't start server: Bind on TCP/IP port. Got error: 10048: Normalmente é permitida apenas uma utilização de cada endereço de soquete (protocolo/endereço de rede/porta).

2018-08-11 11:23:33 6936 [ERROR] Do you already have another mysqld server running on port: 3306 ?
2018-08-11 11:23:33 6936 [ERROR] Aborting

2018-08-11 11:26:08 1538 InnoDB: Warning: Using innodb_additional_mem_pool_size is DEPRECATED. This option may be removed in future releases, together with the option innodb_use_sys_malloc and with the InnoDB's internal memory allocator.
2018-08-11 11:26:08 5432 [Note] InnoDB: innodb_empty_free_list_algorithm has been changed to legacy because of small buffer pool size. In order to use backoff, increase buffer pool at least up to 20MB.

2018-08-11 11:26:08 5432 [Note] InnoDB: Using mutexes to ref count buffer pool pages
2018-08-11 11:26:08 5432 [Note] InnoDB: The InnoDB memory heap is disabled
2018-08-11 11:26:08 5432 [Note] InnoDB: Mutexes and rw_locks use Windows interlocked functions
2018-08-11 11:26:08 5432 [Note] InnoDB: _mm_lfence() and _mm_sfence() are used for memory barrier
2018-08-11 11:26:08 5432 [Note] InnoDB: Compressed tables use zlib 1.2.3
2018-08-11 11:26:08 5432 [Note] InnoDB: Using generic crc32 instructions
2018-08-11 11:26:08 5432 [Note] InnoDB: Initializing buffer pool, size = 16.0M
2018-08-11 11:26:08 5432 [Note] InnoDB: Completed initialization of buffer pool
2018-08-11 11:26:08 5432 [Note] InnoDB: Highest supported file format is Barracuda.
2018-08-11 11:26:08 5432 [Note] InnoDB: 128 rollback segment(s) are active.
2018-08-11 11:26:08 5432 [Note] InnoDB: Waiting for purge to start
2018-08-11 11:26:08 5432 [Note] InnoDB:  Percona XtraDB (http://www.percona.com) 5.6.39-83.1 started; log sequence number 1835057
2018-08-11 11:26:08 5608 [Note] InnoDB: Dumping buffer pool(s) not yet started
2018-08-11 11:26:08 5432 [Note] Plugin 'FEEDBACK' is disabled.
2018-08-11 11:26:08 5432 [Note] Server socket created on IP: '::'.
2018-08-11 11:26:08 5432 [ERROR] Can't start server: Bind on TCP/IP port. Got error: 10048: Normalmente é permitida apenas uma utilização de cada endereço de soquete (protocolo/endereço de rede/porta).

2018-08-11 11:26:08 5432 [ERROR] Do you already have another mysqld server running on port: 3306 ?
2018-08-11 11:26:08 5432 [ERROR] Aborting

2018-08-11 11:26:31 2684 InnoDB: Warning: Using innodb_additional_mem_pool_size is DEPRECATED. This option may be removed in future releases, together with the option innodb_use_sys_malloc and with the InnoDB's internal memory allocator.
2018-08-11 11:26:31 9860 [Note] InnoDB: innodb_empty_free_list_algorithm has been changed to legacy because of small buffer pool size. In order to use backoff, increase buffer pool at least up to 20MB.

2018-08-11 11:26:31 9860 [Note] InnoDB: Using mutexes to ref count buffer pool pages
2018-08-11 11:26:31 9860 [Note] InnoDB: The InnoDB memory heap is disabled
2018-08-11 11:26:31 9860 [Note] InnoDB: Mutexes and rw_locks use Windows interlocked functions
2018-08-11 11:26:31 9860 [Note] InnoDB: _mm_lfence() and _mm_sfence() are used for memory barrier
2018-08-11 11:26:31 9860 [Note] InnoDB: Compressed tables use zlib 1.2.3
2018-08-11 11:26:31 9860 [Note] InnoDB: Using generic crc32 instructions
2018-08-11 11:26:31 9860 [Note] InnoDB: Initializing buffer pool, size = 16.0M
2018-08-11 11:26:31 9860 [Note] InnoDB: Completed initialization of buffer pool
2018-08-11 11:26:31 9860 [Note] InnoDB: Highest supported file format is Barracuda.
2018-08-11 11:26:31 9860 [Note] InnoDB: 128 rollback segment(s) are active.
2018-08-11 11:26:31 9860 [Note] InnoDB: Waiting for purge to start
2018-08-11 11:26:31 9860 [Note] InnoDB:  Percona XtraDB (http://www.percona.com) 5.6.39-83.1 started; log sequence number 1835067
2018-08-11 11:26:31 9860 [Note] Plugin 'FEEDBACK' is disabled.
2018-08-11 11:26:31 9860 [Note] Server socket created on IP: '::'.
2018-08-11 11:26:31 9860 [ERROR] Can't start server: Bind on TCP/IP port. Got error: 10048: Normalmente é permitida apenas uma utilização de cada endereço de soquete (protocolo/endereço de rede/porta).

2018-08-11 11:26:31 9860 [ERROR] Do you already have another mysqld server running on port: 3306 ?
2018-08-11 11:26:31 2816 [Note] InnoDB: Dumping buffer pool(s) not yet started
2018-08-11 11:26:31 9860 [ERROR] Aborting

2018-08-11 11:27:05 2958 InnoDB: Warning: Using innodb_additional_mem_pool_size is DEPRECATED. This option may be removed in future releases, together with the option innodb_use_sys_malloc and with the InnoDB's internal memory allocator.
2018-08-11 11:27:05 10584 [Note] InnoDB: innodb_empty_free_list_algorithm has been changed to legacy because of small buffer pool size. In order to use backoff, increase buffer pool at least up to 20MB.

2018-08-11 11:27:05 10584 [Note] InnoDB: Using mutexes to ref count buffer pool pages
2018-08-11 11:27:05 10584 [Note] InnoDB: The InnoDB memory heap is disabled
2018-08-11 11:27:05 10584 [Note] InnoDB: Mutexes and rw_locks use Windows interlocked functions
2018-08-11 11:27:05 10584 [Note] InnoDB: _mm_lfence() and _mm_sfence() are used for memory barrier
2018-08-11 11:27:05 10584 [Note] InnoDB: Compressed tables use zlib 1.2.3
2018-08-11 11:27:05 10584 [Note] InnoDB: Using generic crc32 instructions
2018-08-11 11:27:05 10584 [Note] InnoDB: Initializing buffer pool, size = 16.0M
2018-08-11 11:27:05 10584 [Note] InnoDB: Completed initialization of buffer pool
2018-08-11 11:27:05 10584 [Note] InnoDB: Highest supported file format is Barracuda.
2018-08-11 11:27:06 10584 [Note] InnoDB: 128 rollback segment(s) are active.
2018-08-11 11:27:06 10584 [Note] InnoDB: Waiting for purge to start
2018-08-11 11:27:06 10584 [Note] InnoDB:  Percona XtraDB (http://www.percona.com) 5.6.39-83.1 started; log sequence number 1835077
2018-08-11 11:27:06 4700 [Note] InnoDB: Dumping buffer pool(s) not yet started
2018-08-11 11:27:06 10584 [Note] Plugin 'FEEDBACK' is disabled.
2018-08-11 11:27:06 10584 [Note] Server socket created on IP: '::'.
2018-08-11 11:27:06 10584 [ERROR] Can't start server: Bind on TCP/IP port. Got error: 10048: Normalmente é permitida apenas uma utilização de cada endereço de soquete (protocolo/endereço de rede/porta).

2018-08-11 11:27:06 10584 [ERROR] Do you already have another mysqld server running on port: 3306 ?
2018-08-11 11:27:06 10584 [ERROR] Aborting

2018-08-11 11:27:55 11b0 InnoDB: Warning: Using innodb_additional_mem_pool_size is DEPRECATED. This option may be removed in future releases, together with the option innodb_use_sys_malloc and with the InnoDB's internal memory allocator.
2018-08-11 11:27:55 4528 [Note] InnoDB: innodb_empty_free_list_algorithm has been changed to legacy because of small buffer pool size. In order to use backoff, increase buffer pool at least up to 20MB.

2018-08-11 11:27:55 4528 [Note] InnoDB: Using mutexes to ref count buffer pool pages
2018-08-11 11:27:55 4528 [Note] InnoDB: The InnoDB memory heap is disabled
2018-08-11 11:27:55 4528 [Note] InnoDB: Mutexes and rw_locks use Windows interlocked functions
2018-08-11 11:27:55 4528 [Note] InnoDB: _mm_lfence() and _mm_sfence() are used for memory barrier
2018-08-11 11:27:55 4528 [Note] InnoDB: Compressed tables use zlib 1.2.3
2018-08-11 11:27:55 4528 [Note] InnoDB: Using generic crc32 instructions
2018-08-11 11:27:55 4528 [Note] InnoDB: Initializing buffer pool, size = 16.0M
2018-08-11 11:27:55 4528 [Note] InnoDB: Completed initialization of buffer pool
2018-08-11 11:27:55 4528 [Note] InnoDB: Highest supported file format is Barracuda.
2018-08-11 11:27:55 4528 [Note] InnoDB: 128 rollback segment(s) are active.
2018-08-11 11:27:55 4528 [Note] InnoDB: Waiting for purge to start
2018-08-11 11:27:55 4528 [Note] InnoDB:  Percona XtraDB (http://www.percona.com) 5.6.39-83.1 started; log sequence number 1835087
2018-08-11 11:27:55 4528 [Note] Plugin 'FEEDBACK' is disabled.
2018-08-11 11:27:55 4528 [Note] Server socket created on IP: '::'.
2018-08-11 11:27:55 4528 [ERROR] Can't start server: Bind on TCP/IP port. Got error: 10048: Normalmente é permitida apenas uma utilização de cada endereço de soquete (protocolo/endereço de rede/porta).

2018-08-11 11:27:55 5716 [Note] InnoDB: Dumping buffer pool(s) not yet started
2018-08-11 11:27:55 4528 [ERROR] Do you already have another mysqld server running on port: 3306 ?
2018-08-11 11:27:55 4528 [ERROR] Aborting

2018-08-11 11:32:20 1e68 InnoDB: Warning: Using innodb_additional_mem_pool_size is DEPRECATED. This option may be removed in future releases, together with the option innodb_use_sys_malloc and with the InnoDB's internal memory allocator.
2018-08-11 11:32:20 7784 [Note] InnoDB: innodb_empty_free_list_algorithm has been changed to legacy because of small buffer pool size. In order to use backoff, increase buffer pool at least up to 20MB.

2018-08-11 11:32:20 7784 [Note] InnoDB: Using mutexes to ref count buffer pool pages
2018-08-11 11:32:20 7784 [Note] InnoDB: The InnoDB memory heap is disabled
2018-08-11 11:32:20 7784 [Note] InnoDB: Mutexes and rw_locks use Windows interlocked functions
2018-08-11 11:32:20 7784 [Note] InnoDB: _mm_lfence() and _mm_sfence() are used for memory barrier
2018-08-11 11:32:20 7784 [Note] InnoDB: Compressed tables use zlib 1.2.3
2018-08-11 11:32:20 7784 [Note] InnoDB: Using generic crc32 instructions
2018-08-11 11:32:20 7784 [Note] InnoDB: Initializing buffer pool, size = 16.0M
2018-08-11 11:32:20 7784 [Note] InnoDB: Completed initialization of buffer pool
2018-08-11 11:32:20 7784 [Note] InnoDB: Highest supported file format is Barracuda.
2018-08-11 11:32:21 7784 [Note] InnoDB: 128 rollback segment(s) are active.
2018-08-11 11:32:21 7784 [Note] InnoDB: Waiting for purge to start
2018-08-11 11:32:21 7784 [Note] InnoDB:  Percona XtraDB (http://www.percona.com) 5.6.39-83.1 started; log sequence number 1835097
2018-08-11 11:32:21 10984 [Note] InnoDB: Dumping buffer pool(s) not yet started
2018-08-11 11:32:21 7784 [Note] Plugin 'FEEDBACK' is disabled.
2018-08-11 11:32:21 7784 [Note] Server socket created on IP: '::'.
2018-08-11 11:32:21 7784 [Note] c:\xampp\mysql\bin\mysqld.exe: ready for connections.
Version: '10.1.34-MariaDB'  socket: ''  port: 3306  mariadb.org binary distribution
2018-08-11 15:49:39 958 InnoDB: Warning: Using innodb_additional_mem_pool_size is DEPRECATED. This option may be removed in future releases, together with the option innodb_use_sys_malloc and with the InnoDB's internal memory allocator.
2018-08-11 15:49:39 2392 [Note] InnoDB: innodb_empty_free_list_algorithm has been changed to legacy because of small buffer pool size. In order to use backoff, increase buffer pool at least up to 20MB.

2018-08-11 15:49:39 2392 [Note] InnoDB: Using mutexes to ref count buffer pool pages
2018-08-11 15:49:39 2392 [Note] InnoDB: The InnoDB memory heap is disabled
2018-08-11 15:49:39 2392 [Note] InnoDB: Mutexes and rw_locks use Windows interlocked functions
2018-08-11 15:49:39 2392 [Note] InnoDB: _mm_lfence() and _mm_sfence() are used for memory barrier
2018-08-11 15:49:39 2392 [Note] InnoDB: Compressed tables use zlib 1.2.3
2018-08-11 15:49:39 2392 [Note] InnoDB: Using generic crc32 instructions
2018-08-11 15:49:39 2392 [Note] InnoDB: Initializing buffer pool, size = 16.0M
2018-08-11 15:49:39 2392 [Note] InnoDB: Completed initialization of buffer pool
2018-08-11 15:49:39 2392 [Note] InnoDB: Highest supported file format is Barracuda.
2018-08-11 15:49:39 2392 [Note] InnoDB: The log sequence number 1835097 in ibdata file do not match the log sequence number 4256502 in the ib_logfiles!
2018-08-11 15:49:40 2392 [Note] InnoDB: Restoring possible half-written data pages from the doublewrite buffer...
2018-08-11 15:49:40 2392 [Note] InnoDB: 128 rollback segment(s) are active.
2018-08-11 15:49:40 2392 [Note] InnoDB: Waiting for purge to start
2018-08-11 15:49:40 2392 [Note] InnoDB:  Percona XtraDB (http://www.percona.com) 5.6.39-83.1 started; log sequence number 4256502
2018-08-11 15:49:40 10380 [Note] InnoDB: Dumping buffer pool(s) not yet started
2018-08-11 15:49:40 2392 [Note] Plugin 'FEEDBACK' is disabled.
2018-08-11 15:49:40 2392 [Note] Server socket created on IP: '::'.
2018-08-11 15:49:40 2392 [Note] c:\xampp\mysql\bin\mysqld.exe: ready for connections.
Version: '10.1.34-MariaDB'  socket: ''  port: 3306  mariadb.org binary distribution
2018-08-12 09:38:07 1a64 InnoDB: Warning: Using innodb_additional_mem_pool_size is DEPRECATED. This option may be removed in future releases, together with the option innodb_use_sys_malloc and with the InnoDB's internal memory allocator.
2018-08-12  9:38:07 6756 [Note] InnoDB: innodb_empty_free_list_algorithm has been changed to legacy because of small buffer pool size. In order to use backoff, increase buffer pool at least up to 20MB.

2018-08-12  9:38:07 6756 [Note] InnoDB: Using mutexes to ref count buffer pool pages
2018-08-12  9:38:07 6756 [Note] InnoDB: The InnoDB memory heap is disabled
2018-08-12  9:38:07 6756 [Note] InnoDB: Mutexes and rw_locks use Windows interlocked functions
2018-08-12  9:38:07 6756 [Note] InnoDB: _mm_lfence() and _mm_sfence() are used for memory barrier
2018-08-12  9:38:07 6756 [Note] InnoDB: Compressed tables use zlib 1.2.3
2018-08-12  9:38:07 6756 [Note] InnoDB: Using generic crc32 instructions
2018-08-12  9:38:07 6756 [Note] InnoDB: Initializing buffer pool, size = 16.0M
2018-08-12  9:38:07 6756 [Note] InnoDB: Completed initialization of buffer pool
2018-08-12  9:38:07 6756 [Note] InnoDB: Highest supported file format is Barracuda.
2018-08-12  9:38:07 6756 [Note] InnoDB: The log sequence number 1835097 in ibdata file do not match the log sequence number 4262749 in the ib_logfiles!
2018-08-12  9:38:07 6756 [Note] InnoDB: Restoring possible half-written data pages from the doublewrite buffer...
2018-08-12  9:38:08 6756 [Note] InnoDB: 128 rollback segment(s) are active.
2018-08-12  9:38:08 6756 [Note] InnoDB: Waiting for purge to start
2018-08-12  9:38:08 6756 [Note] InnoDB:  Percona XtraDB (http://www.percona.com) 5.6.39-83.1 started; log sequence number 4262749
2018-08-12  9:38:08 4584 [Note] InnoDB: Dumping buffer pool(s) not yet started
2018-08-12  9:38:08 6756 [Note] Plugin 'FEEDBACK' is disabled.
2018-08-12  9:38:08 6756 [Note] Server socket created on IP: '::'.
2018-08-12  9:38:08 6756 [Note] c:\xampp\mysql\bin\mysqld.exe: ready for connections.
Version: '10.1.34-MariaDB'  socket: ''  port: 3306  mariadb.org binary distribution
2018-08-12 15:44:08 5d4 InnoDB: Warning: Using innodb_additional_mem_pool_size is DEPRECATED. This option may be removed in future releases, together with the option innodb_use_sys_malloc and with the InnoDB's internal memory allocator.
2018-08-12 15:44:08 1492 [Note] InnoDB: innodb_empty_free_list_algorithm has been changed to legacy because of small buffer pool size. In order to use backoff, increase buffer pool at least up to 20MB.

2018-08-12 15:44:08 1492 [Note] InnoDB: Using mutexes to ref count buffer pool pages
2018-08-12 15:44:08 1492 [Note] InnoDB: The InnoDB memory heap is disabled
2018-08-12 15:44:08 1492 [Note] InnoDB: Mutexes and rw_locks use Windows interlocked functions
2018-08-12 15:44:08 1492 [Note] InnoDB: _mm_lfence() and _mm_sfence() are used for memory barrier
2018-08-12 15:44:08 1492 [Note] InnoDB: Compressed tables use zlib 1.2.3
2018-08-12 15:44:08 1492 [Note] InnoDB: Using generic crc32 instructions
2018-08-12 15:44:08 1492 [Note] InnoDB: Initializing buffer pool, size = 16.0M
2018-08-12 15:44:08 1492 [Note] InnoDB: Completed initialization of buffer pool
2018-08-12 15:44:08 1492 [Note] InnoDB: Highest supported file format is Barracuda.
2018-08-12 15:44:08 1492 [Note] InnoDB: The log sequence number 1835097 in ibdata file do not match the log sequence number 4311542 in the ib_logfiles!
2018-08-12 15:44:08 1492 [Note] InnoDB: Restoring possible half-written data pages from the doublewrite buffer...
2018-08-12 15:44:08 1492 [Note] InnoDB: 128 rollback segment(s) are active.
2018-08-12 15:44:08 1492 [Note] InnoDB: Waiting for purge to start
2018-08-12 15:44:08 1492 [Note] InnoDB:  Percona XtraDB (http://www.percona.com) 5.6.39-83.1 started; log sequence number 4311542
2018-08-12 15:44:08 11864 [Note] InnoDB: Dumping buffer pool(s) not yet started
2018-08-12 15:44:08 1492 [Note] Plugin 'FEEDBACK' is disabled.
2018-08-12 15:44:08 1492 [Note] Server socket created on IP: '::'.
2018-08-12 15:44:09 1492 [Note] c:\xampp\mysql\bin\mysqld.exe: ready for connections.
Version: '10.1.34-MariaDB'  socket: ''  port: 3306  mariadb.org binary distribution
2018-08-12 19:42:44 36c InnoDB: Warning: Using innodb_additional_mem_pool_size is DEPRECATED. This option may be removed in future releases, together with the option innodb_use_sys_malloc and with the InnoDB's internal memory allocator.
2018-08-12 19:42:44 876 [Note] InnoDB: innodb_empty_free_list_algorithm has been changed to legacy because of small buffer pool size. In order to use backoff, increase buffer pool at least up to 20MB.

2018-08-12 19:42:44 876 [Note] InnoDB: Using mutexes to ref count buffer pool pages
2018-08-12 19:42:44 876 [Note] InnoDB: The InnoDB memory heap is disabled
2018-08-12 19:42:44 876 [Note] InnoDB: Mutexes and rw_locks use Windows interlocked functions
2018-08-12 19:42:44 876 [Note] InnoDB: _mm_lfence() and _mm_sfence() are used for memory barrier
2018-08-12 19:42:44 876 [Note] InnoDB: Compressed tables use zlib 1.2.3
2018-08-12 19:42:44 876 [Note] InnoDB: Using generic crc32 instructions
2018-08-12 19:42:44 876 [Note] InnoDB: Initializing buffer pool, size = 16.0M
2018-08-12 19:42:44 876 [Note] InnoDB: Completed initialization of buffer pool
2018-08-12 19:42:44 876 [Note] InnoDB: Highest supported file format is Barracuda.
2018-08-12 19:42:44 876 [Note] InnoDB: The log sequence number 1835097 in ibdata file do not match the log sequence number 4392511 in the ib_logfiles!
2018-08-12 19:42:44 876 [Note] InnoDB: Restoring possible half-written data pages from the doublewrite buffer...
2018-08-12 19:42:45 876 [Note] InnoDB: 128 rollback segment(s) are active.
2018-08-12 19:42:45 876 [Note] InnoDB: Waiting for purge to start
2018-08-12 19:42:45 876 [Note] InnoDB:  Percona XtraDB (http://www.percona.com) 5.6.39-83.1 started; log sequence number 4392511
2018-08-12 19:42:45 10380 [Note] InnoDB: Dumping buffer pool(s) not yet started
2018-08-12 19:42:45 876 [Note] Plugin 'FEEDBACK' is disabled.
2018-08-12 19:42:45 876 [Note] Server socket created on IP: '::'.
2018-08-12 19:42:45 876 [Note] c:\xampp\mysql\bin\mysqld.exe: ready for connections.
Version: '10.1.34-MariaDB'  socket: ''  port: 3306  mariadb.org binary distribution
